05202021 03:58:45 PM - DEBUG: 2021-05-20 15:58:45.746890

05202021 03:58:46 PM - DEBUG: Successfully Deleted Files
05202021 03:58:46 PM - DEBUG: Brushify_Cliffs_424.zip

05202021 03:58:46 PM - DEBUG: Brushify_CountryRoads_424.zip

05202021 03:58:46 PM - DEBUG: GirlKnight.zip

05202021 03:58:46 PM - DEBUG: PianoSoloMusicPack.zip

05202021 03:58:46 PM - DEBUG: Tombstones.zip

05202021 03:58:46 PM - DEBUG: Trails_MarketplaceV7.zip

05202021 03:58:46 PM - DEBUG: Warrior_Girl_Pack.rar

05222021 09:54:51 AM - DEBUG: Deleted: AKM_New 4.26.zip
05222021 09:54:51 AM - DEBUG: Deleted: AK_Prototype_New 4.26.zip
05222021 09:54:51 AM - DEBUG: Deleted: CreepyGame.zip
05222021 09:54:51 AM - DEBUG: Deleted: monster785.zip
05222021 09:54:51 AM - DEBUG: Deleted: NiagaraFX_Electric.zip
05222021 09:54:51 AM - DEBUG: Deleted: Niagara_VFX_27.rar
05222021 09:54:51 AM - DEBUG: Deleted: RadashWarrior.rar
05222021 09:54:51 AM - DEBUG: Deleted: SFCMPV2_4.15.rar
05222021 09:54:51 AM - DEBUG: Deleted: Snowmobile.rar
05222021 09:54:51 AM - DEBUG: Deleted: Vintorez_New 4.26.zip
05262021 02:03:30 PM - DEBUG: Deleted: Abyss.rar
05262021 02:03:30 PM - DEBUG: Deleted: CyberSamurai.zip
05262021 02:03:30 PM - DEBUG: Deleted: DestructionZone.zip
05262021 02:03:30 PM - DEBUG: Deleted: EXLAND_V1_1.zip
05262021 02:03:30 PM - DEBUG: Deleted: Fishing system.zip
05262021 02:03:30 PM - DEBUG: Deleted: MedievalFantasyPack_v1.0.zip
05262021 02:03:30 PM - DEBUG: Deleted: SciFiProps.zip
05262021 02:03:30 PM - DEBUG: Deleted: Skeleton Army.rar
05262021 02:03:30 PM - DEBUG: Deleted: StraitJacket.zip
05262021 02:03:30 PM - DEBUG: Deleted: SurvivalGameKitV2_4.24.zip
05272021 10:39:53 PM - DEBUG: Deleted: BrownBear_Y_2.1.0_4.20.zip
05272021 10:39:53 PM - DEBUG: Deleted: CardPartsMegaPack.zip
05272021 10:39:53 PM - DEBUG: Deleted: MushroomMinion (1).zip
05272021 10:39:53 PM - DEBUG: Deleted: Poor Peseant.rar
05272021 10:39:53 PM - DEBUG: Deleted: Shockwave_Niagara02 4.26.rar
05272021 10:39:53 PM - DEBUG: Deleted: StudioApartment3.zip
05272021 10:39:53 PM - DEBUG: Deleted: TheKitchenSFX.zip
06042021 01:59:25 PM - DEBUG: Deleted: AlienPack.rar
06042021 01:59:25 PM - DEBUG: Deleted: BarAndLivehouse.zip
06042021 01:59:25 PM - DEBUG: Deleted: CinematicImpacts.zip
06042021 01:59:25 PM - DEBUG: Deleted: CityParkLite.zip
06042021 01:59:25 PM - DEBUG: Deleted: Commando_soldier_001.rar
06042021 01:59:25 PM - DEBUG: Deleted: CyberneticArms 4.20.zip
06042021 01:59:25 PM - DEBUG: Deleted: CyberneticArms 4.22.zip
06042021 01:59:25 PM - DEBUG: Deleted: Dark_Wizard.rar
06042021 01:59:25 PM - DEBUG: Deleted: Drum_and_Race_1.7z
06042021 01:59:25 PM - DEBUG: Deleted: ezlg_1.0 (1).zip
06042021 01:59:25 PM - DEBUG: Deleted: GhostSamurai_Bundle_V1.rar
06042021 01:59:25 PM - DEBUG: Deleted: GhostSamurai_Bundle_V2.rar
06042021 01:59:25 PM - DEBUG: Deleted: GroundControl.zip
06042021 01:59:25 PM - DEBUG: Deleted: HoverCraft.rar
06042021 01:59:25 PM - DEBUG: Deleted: Lilin.rar
06042021 01:59:25 PM - DEBUG: Deleted: MagicSpellsSndPck.zip
06042021 01:59:25 PM - DEBUG: Deleted: MedievalBundle.zip
06042021 01:59:25 PM - DEBUG: Deleted: medieval_01.1.zip
06042021 01:59:25 PM - DEBUG: Deleted: Medieval_lady.rar
06042021 01:59:25 PM - DEBUG: Deleted: ModularMaid.rar
06042021 01:59:25 PM - DEBUG: Deleted: NatureVFX.rar
06042021 01:59:25 PM - DEBUG: Deleted: QuietGizmo_4.26_v.1.zip
06042021 01:59:25 PM - DEBUG: Deleted: R14_Plants_3DVEZ.zip
06042021 01:59:25 PM - DEBUG: Deleted: RedWorld_4_22_v2.zip
06042021 01:59:25 PM - DEBUG: Deleted: RedWorld_4_26_v2.zip
06042021 01:59:25 PM - DEBUG: Deleted: Revived_dead_4.18.zip
06042021 01:59:25 PM - DEBUG: Deleted: Revived_dead_4.26.zip
06042021 01:59:25 PM - DEBUG: Deleted: ScientificSpaceRover 4_20.zip
06042021 01:59:25 PM - DEBUG: Deleted: ScientificSpaceRover 4_26.zip
06042021 01:59:25 PM - DEBUG: Deleted: SciFi_Vehicle.rar
06042021 01:59:25 PM - DEBUG: Deleted: SpaceBackgrounds.zip
06042021 01:59:25 PM - DEBUG: Deleted: StylizedLogCabin.rar
06042021 01:59:25 PM - DEBUG: Deleted: TextVisualizers.zip
06042021 01:59:25 PM - DEBUG: Deleted: The_spider_lvl3.7z
06042021 01:59:25 PM - DEBUG: Deleted: Uproject_Monster_reaper_16.05.2021.rar
06042021 01:59:25 PM - DEBUG: Deleted: UrbanSteel[d].zip
06042021 01:59:25 PM - DEBUG: Deleted: WhiteDustLandscape.zip
06042021 01:59:25 PM - DEBUG: Deleted: Yakohama.rar
06082021 07:13:29 PM - DEBUG: Deleted: Chair_VOL_01 (1).zip
06082021 07:13:29 PM - DEBUG: Deleted: Dead Man X.rar
06082021 07:13:29 PM - DEBUG: Deleted: Exotic_Materials_2.zip
06082021 07:13:29 PM - DEBUG: Deleted: GarnSFX_ROGUE_UI_1.2.zip
06082021 07:13:29 PM - DEBUG: Deleted: KiranUnderwaterMusic.zip
06082021 07:13:29 PM - DEBUG: Deleted: Medhue_Camel.zip
06082021 07:13:29 PM - DEBUG: Deleted: ModClassBlackLiving.rar
06082021 07:13:29 PM - DEBUG: Deleted: ModernMilitary.zip
06082021 07:13:29 PM - DEBUG: Deleted: Parasait.7z
06082021 07:13:29 PM - DEBUG: Deleted: Rhino.zip
06082021 07:13:29 PM - DEBUG: Deleted: Stegosaurus.zip
06082021 07:13:29 PM - DEBUG: Deleted: Tricera.zip
06082021 07:13:29 PM - DEBUG: Deleted: Unlit_Space_Rogue_V1_424.zip
06082021 07:13:29 PM - DEBUG: Deleted: UrbanSteel[d].zip
06082021 07:13:29 PM - DEBUG: Deleted: Ursacetus_4.15.rar
06082021 07:13:29 PM - DEBUG: Deleted: VFX34.rar
06082021 07:13:29 PM - DEBUG: Deleted: VRaptor.zip
06112021 01:14:09 AM - DEBUG: Deleted: AFEArchViz_1.0_4.26.zip
06112021 01:14:09 AM - DEBUG: Deleted: AntQueen.rar
06112021 01:14:09 AM - DEBUG: Deleted: Cyberpunk_Sewer 4.23.rar
06112021 01:14:09 AM - DEBUG: Deleted: FPS_Game_26025.zip
06112021 01:14:09 AM - DEBUG: Deleted: FPS_Game_26026.zip
06112021 01:14:09 AM - DEBUG: Deleted: GargoyleUnreal.zip
06112021 01:14:09 AM - DEBUG: Deleted: GirlKnight.zip
06112021 01:14:09 AM - DEBUG: Deleted: InGameCutScene.zip
06112021 01:14:09 AM - DEBUG: Deleted: OpenLand-2.1.1.zip
06112021 01:14:09 AM - DEBUG: Deleted: PlayerBuildingSystemV1_419.zip
06112021 01:14:09 AM - DEBUG: Deleted: RedicLandscape.zip
06112021 01:14:09 AM - DEBUG: Deleted: Stylized_Chests_V1.zip
06112021 01:14:09 AM - DEBUG: Deleted: UrbanSteel[d].zip
06122021 03:22:58 PM - DEBUG: Deleted: UrbanSteel[d].zip
06182021 07:27:07 AM - DEBUG: Deleted: Computer_SFX_2_0.zip
06182021 07:27:07 AM - DEBUG: Deleted: Cyborg_soldier_V4.zip
06182021 07:27:07 AM - DEBUG: Deleted: DremonGH.rar
06182021 07:27:07 AM - DEBUG: Deleted: FluidNinjaLive_UE423-UE425.zip
06182021 07:27:07 AM - DEBUG: Deleted: FPSWeaponAK60.rar
06182021 07:27:07 AM - DEBUG: Deleted: LowPolyJunglePack.rar
06182021 07:27:07 AM - DEBUG: Deleted: UrbanSteel[d].zip
06192021 10:47:45 PM - DEBUG: Deleted: Archviz_HDRI_CGChoco.zip
06192021 10:47:45 PM - DEBUG: Deleted: Autopsy_room 4.26.rar
06192021 10:47:45 PM - DEBUG: Deleted: BeefyBass (1).zip
06192021 10:47:45 PM - DEBUG: Deleted: Cyber_Town_UE4_1.1.rar
06192021 10:47:45 PM - DEBUG: Deleted: Dwarf.rar
06192021 10:47:45 PM - DEBUG: Deleted: EasternAssassin_4.26 (1).rar
06192021 10:47:45 PM - DEBUG: Deleted: Essentials_04_Chains.zip
06192021 10:47:45 PM - DEBUG: Deleted: RM26_4_23.7z
06192021 10:47:45 PM - DEBUG: Deleted: Ski_Fi_Gurl.zip
06192021 10:47:45 PM - DEBUG: Deleted: StylizedCastle.zip
06192021 10:47:45 PM - DEBUG: Deleted: TheFurnitureProject.zip
06192021 10:47:45 PM - DEBUG: Deleted: UrbanSteel[d].zip
06272021 12:49:35 PM - DEBUG: Deleted: 20210609_ma019_UndeadArcher.zip
06272021 12:49:35 PM - DEBUG: Deleted: 20210609_ma020_Undeadknight.zip
06272021 12:49:35 PM - DEBUG: Deleted: 20210609_ma15_UndeadSet.zip
06272021 12:49:35 PM - DEBUG: Deleted: 4.14_20210609.1.v.1.0.0.release.zip
06272021 12:49:35 PM - DEBUG: Deleted: 4.23_20210609.1.v.1.0.0.release
06272021 12:49:35 PM - DEBUG: Deleted: 4.23_20210609.1.v.1.0.0.release.zip
06272021 12:49:35 PM - DEBUG: Deleted: 424.zip
06272021 12:49:35 PM - DEBUG: Deleted: 425.zip
06272021 12:49:35 PM - DEBUG: Deleted: 426.zip
06272021 12:49:35 PM - DEBUG: Deleted: AITools_2.0.rar
06272021 12:49:35 PM - DEBUG: Deleted: AlienAssassin.zip
06272021 12:49:35 PM - DEBUG: Deleted: AlienSorcerer.zip
06272021 12:49:35 PM - DEBUG: Deleted: Ancient Undead.7z
06272021 12:49:35 PM - DEBUG: Deleted: Ariana_P3.zip
06272021 12:49:35 PM - DEBUG: Deleted: BasketballHeaven.zip
06272021 12:49:35 PM - DEBUG: Deleted: Bella.zip
06272021 12:49:35 PM - DEBUG: Deleted: Blind_monster.zip
06272021 12:49:35 PM - DEBUG: Deleted: Bone_Monster_2.rar
06272021 12:49:35 PM - DEBUG: Deleted: DocumentReaderPro_4_26_REV2.zip
06272021 12:49:35 PM - DEBUG: Deleted: FantasyForest.zip
06272021 12:49:35 PM - DEBUG: Deleted: FantasyMonsters (1).zip
06272021 12:49:35 PM - DEBUG: Deleted: FS_Hero_01.rar
06272021 12:49:35 PM - DEBUG: Deleted: GOTHIC_CATHEDRAL.zip
06272021 12:49:35 PM - DEBUG: Deleted: H2H_Set_v1_2_424.zip
06272021 12:49:35 PM - DEBUG: Deleted: HorrorEnviroment
06272021 12:49:35 PM - DEBUG: Deleted: HorrorEnviroment.7z
06272021 12:49:35 PM - DEBUG: Deleted: LuModularRocksNCaves_CollisionFix.zip
06272021 12:49:35 PM - DEBUG: Deleted: Medhue_Raven.zip
06272021 12:49:35 PM - DEBUG: Deleted: Medieval_Village.rar
06272021 12:49:35 PM - DEBUG: Deleted: OpenLand-2.3.2.zip
06272021 12:49:35 PM - DEBUG: Deleted: Pirate_Pack_Volume_01_v1.0.zip
06272021 12:49:35 PM - DEBUG: Deleted: Props01.zip
06272021 12:49:35 PM - DEBUG: Deleted: QuarantineTent_4.26.zip
06272021 12:49:35 PM - DEBUG: Deleted: RetroProps
06272021 12:49:35 PM - DEBUG: Deleted: RetroProps.zip
06272021 12:49:35 PM - DEBUG: Deleted: RetroProps4.25.zip
06272021 12:49:35 PM - DEBUG: Deleted: RetroProps4.26.zip
06272021 12:49:35 PM - DEBUG: Deleted: RockLionAndElephant.rar
06272021 12:49:35 PM - DEBUG: Deleted: RPGPrincessVoicePack.zip
06272021 12:49:35 PM - DEBUG: Deleted: RPGTools_2.0.rar
06272021 12:49:35 PM - DEBUG: Deleted: Shield_FX_Functional.zip
06272021 12:49:35 PM - DEBUG: Deleted: Shoutengai.zip
06272021 12:49:35 PM - DEBUG: Deleted: SmartPingSystem_1_25.zip
06272021 12:49:35 PM - DEBUG: Deleted: SpaceBackgrounds2.zip
06272021 12:49:35 PM - DEBUG: Deleted: StoneTiles_Vol01-426.zip
06272021 12:49:35 PM - DEBUG: Deleted: StylizedVFX_Attacks.zip
06272021 12:49:35 PM - DEBUG: Deleted: Survival_UI_Kit
06272021 12:49:35 PM - DEBUG: Deleted: Survival_UI_Kit.zip
06272021 12:49:35 PM - DEBUG: Deleted: Templar.rar
06272021 12:49:35 PM - DEBUG: Deleted: TheSole.zip
06272021 12:49:35 PM - DEBUG: Deleted: Uproject4.18.rar
06272021 12:49:35 PM - DEBUG: Deleted: UrbanSteel[d].zip
06272021 12:49:35 PM - DEBUG: Deleted: VillageAnimals.zip
06272021 12:49:35 PM - DEBUG: Deleted: WeaponMedieval.zip
06272021 12:49:35 PM - DEBUG: Deleted: ZAP2_V1_415Plus.zip
06282021 11:00:00 PM - DEBUG: Deleted: CardQuestSystem.rar
06282021 11:00:00 PM - DEBUG: Deleted: Dash1.2.zip
06282021 11:00:00 PM - DEBUG: Deleted: EasyFootstepSystem.rar
06282021 11:00:00 PM - DEBUG: Deleted: FPS_Game_27025.zip
06282021 11:00:00 PM - DEBUG: Deleted: FPS_Game_27026.zip
06282021 11:00:00 PM - DEBUG: Deleted: JCInventorySystemV2.zip
06282021 11:00:00 PM - DEBUG: Deleted: LGUI_ColorPicker.zip
06282021 11:00:00 PM - DEBUG: Deleted: ModernLibrary.zip
06282021 11:00:00 PM - DEBUG: Deleted: SCIFI_Lab_Props_v3.0.rar
06282021 11:00:00 PM - DEBUG: Deleted: SmartAI_419.zip
06282021 11:00:00 PM - DEBUG: Deleted: SmartAI_420.zip
06282021 11:00:00 PM - DEBUG: Deleted: SmartAI_422.zip
06282021 11:00:00 PM - DEBUG: Deleted: SMASFX_Asian_Countrysides_4_26.2.zip
06282021 11:00:00 PM - DEBUG: Deleted: SMASFX_DT_4_26.2.zip
06282021 11:00:00 PM - DEBUG: Deleted: SMASFX_IHW_4_26.2.zip
06282021 11:00:00 PM - DEBUG: Deleted: SMASFX_UI_4_26.zip
06282021 11:00:00 PM - DEBUG: Deleted: UrbanSteel[d].zip
06292021 04:27:54 PM - DEBUG: Deleted: Bella_V01.zip
06292021 04:27:54 PM - DEBUG: Deleted: BoneGolem.zip
06292021 04:27:54 PM - DEBUG: Deleted: Dark_n_Deep_Space.7z
06292021 04:27:54 PM - DEBUG: Deleted: Dragon.zip
06292021 04:27:54 PM - DEBUG: Deleted: HauntedHouseAudioPack (1).zip
06292021 04:27:54 PM - DEBUG: Deleted: HudKit.zip
06292021 04:27:54 PM - DEBUG: Deleted: Hunter_UE.rar
06292021 04:27:54 PM - DEBUG: Deleted: IOS_V2.1.zip
06292021 04:27:54 PM - DEBUG: Deleted: Mediveal Town.zip
06292021 04:27:54 PM - DEBUG: Deleted: Monster_beetle.rar
06292021 04:27:54 PM - DEBUG: Deleted: OlbertsLowPolyMangrove.rar
06292021 04:27:54 PM - DEBUG: Deleted: Poison_Explosion 4.26.rar
06292021 04:27:54 PM - DEBUG: Deleted: UrbanSteel[d].zip
06292021 04:27:54 PM - DEBUG: Deleted: Witch.zip
07012021 05:05:30 AM - DEBUG: Deleted: UrbanSteel[d].zip
07092021 02:22:17 PM - DEBUG: Deleted: Ammunition_Pack.zip
07092021 02:22:17 PM - DEBUG: Deleted: BinaryLock.zip
07092021 02:22:17 PM - DEBUG: Deleted: Cinematic_Myst_Hits.zip
07092021 02:22:17 PM - DEBUG: Deleted: Cinematic_SciFi_Hits.zip
07092021 02:22:17 PM - DEBUG: Deleted: Cleaning_kit (1).zip
07092021 02:22:17 PM - DEBUG: Deleted: ContainAndSpillWine1-3.tar
07092021 02:22:17 PM - DEBUG: Deleted: ContainAndSpillWine2.7z
07092021 02:22:17 PM - DEBUG: Deleted: CyberpunkHolograms (1).rar
07092021 02:22:17 PM - DEBUG: Deleted: CyberpunkHolograms.rar
07092021 02:22:17 PM - DEBUG: Deleted: Cyborg03.rar
07092021 02:22:17 PM - DEBUG: Deleted: DynamicCandles_v02b_4.26.zip
07092021 02:22:17 PM - DEBUG: Deleted: ForestTerrainPack5.rar
07092021 02:22:17 PM - DEBUG: Deleted: FPS_Mobile_Game_Map_v2.zip
07092021 02:22:17 PM - DEBUG: Deleted: Hell_Demon_UE_4.18.3 (1).zip
07092021 02:22:17 PM - DEBUG: Deleted: IOSV2.1.zip
07092021 02:22:17 PM - DEBUG: Deleted: LanFang.zip
07092021 02:22:17 PM - DEBUG: Deleted: LowPoly_Wild_Animals_v02.zip
07092021 02:22:17 PM - DEBUG: Deleted: MarbleTiles_Vol01.zip
07092021 02:22:17 PM - DEBUG: Deleted: Mediveal Town_v2.zip
07092021 02:22:17 PM - DEBUG: Deleted: MeleeWeaponPack.zip
07092021 02:22:17 PM - DEBUG: Deleted: MeleeWeaponPack_4_14 (1).zip
07092021 02:22:17 PM - DEBUG: Deleted: Nuclear_power_plant.rar
07092021 02:22:17 PM - DEBUG: Deleted: P424.zip
07092021 02:22:17 PM - DEBUG: Deleted: P425.zip
07092021 02:22:17 PM - DEBUG: Deleted: P426.zip
07092021 02:22:17 PM - DEBUG: Deleted: R424.zip
07092021 02:22:17 PM - DEBUG: Deleted: RetroMedievalVillage.zip
07092021 02:22:17 PM - DEBUG: Deleted: SoldiersWW1.zip
07092021 02:22:17 PM - DEBUG: Deleted: SuburbNeighborhoodHousePack.zip
07092021 02:22:17 PM - DEBUG: Deleted: SurvivalDecals.zip
07092021 02:22:17 PM - DEBUG: Deleted: UrbanSteel[d].zip
07092021 02:22:17 PM - DEBUG: Deleted: Wild_Animals_426.rar
07132021 01:17:06 PM - DEBUG: Deleted: ActionRpgSystemV2.zip
07132021 01:17:06 PM - DEBUG: Deleted: Brutal_Double_Axe_Set.zip
07132021 01:17:06 PM - DEBUG: Deleted: CannonsWeapons18th.zip
07132021 01:17:06 PM - DEBUG: Deleted: CCTVSystem.zip
07132021 01:17:06 PM - DEBUG: Deleted: ClassicSurvivalHorrorTemplate.zip
07132021 01:17:06 PM - DEBUG: Deleted: Fawn.rar
07132021 01:17:06 PM - DEBUG: Deleted: FL_Baygall.zip
07132021 01:17:06 PM - DEBUG: Deleted: FL_ScrubbyFlat.zip
07132021 01:17:06 PM - DEBUG: Deleted: FL_WetFlatwoods.zip
07132021 01:17:06 PM - DEBUG: Deleted: ma025_HermitCrab_20210626.zip
07132021 01:17:06 PM - DEBUG: Deleted: ma16_Monsterset_07_20210630.zip
07132021 01:17:06 PM - DEBUG: Deleted: MinimapCreator.zip
07132021 01:17:06 PM - DEBUG: Deleted: RTS_CartoonEnvironment_PATCH_1.3.zip
07132021 01:17:06 PM - DEBUG: Deleted: Uproject (1).rar
07132021 01:17:06 PM - DEBUG: Deleted: Uproject (2).rar
07132021 01:17:06 PM - DEBUG: Deleted: UrbanSteel[d].zip
07202021 05:02:13 AM - DEBUG: Deleted: 4.25ModernRPGBUNDLE.rar
07202021 05:02:13 AM - DEBUG: Deleted: 4.26ModernRPGBUNDLE.rar
07202021 05:02:13 AM - DEBUG: Deleted: ATARTCasualWarrior_4.24.zip
07202021 05:02:13 AM - DEBUG: Deleted: ATARTCasualWarrior_4.25.zip
07202021 05:02:13 AM - DEBUG: Deleted: ATARTCasualWarrior_4.26.zip
07202021 05:02:13 AM - DEBUG: Deleted: CG_Shotguns_Pack.rar
07202021 05:02:13 AM - DEBUG: Deleted: GobChamp.rar
07202021 05:02:13 AM - DEBUG: Deleted: GV_TreesVol4.zip
07202021 05:02:13 AM - DEBUG: Deleted: MeatFactory.rar
07202021 05:02:13 AM - DEBUG: Deleted: ModularBuildingsVol1.zip
07202021 05:02:13 AM - DEBUG: Deleted: Monster_Enemy_Pack_1.zip
07202021 05:02:13 AM - DEBUG: Deleted: Mutant 3.rar
07202021 05:02:13 AM - DEBUG: Deleted: PHV2_NavOnly_422.zip
07202021 05:02:13 AM - DEBUG: Deleted: PostApocalypticCity424_1.rar
07202021 05:02:13 AM - DEBUG: Deleted: ready7 gladiator_murmillo.rar
07202021 05:02:13 AM - DEBUG: Deleted: SciFiWall.zip
07202021 05:02:13 AM - DEBUG: Deleted: SFX_OF_WEAPONS_v4.zip
07202021 05:02:13 AM - DEBUG: Deleted: signboard.zip
07202021 05:02:13 AM - DEBUG: Deleted: UnrealProject_FlyingShellMonster.rar
07202021 05:02:13 AM - DEBUG: Deleted: UrbanSteel[d].zip
07232021 08:34:45 AM - DEBUG: Deleted: 4.25ModernRPG.rar
07232021 08:34:45 AM - DEBUG: Deleted: 4.26ModernRPG.rar
07232021 08:34:45 AM - DEBUG: Deleted: DieselpunkCars_unreal.zip
07232021 08:34:45 AM - DEBUG: Deleted: DungeonCreaturesAudioPack.zip
07232021 08:34:45 AM - DEBUG: Deleted: HoverDrone.zip
07232021 08:34:45 AM - DEBUG: Deleted: IPBR_Bats.zip
07232021 08:34:45 AM - DEBUG: Deleted: Medhue_BlackMamba.zip
07232021 08:34:45 AM - DEBUG: Deleted: Medieval Town_V3.zip
07232021 08:34:45 AM - DEBUG: Deleted: Pets_Furniture_1.zip
07232021 08:34:45 AM - DEBUG: Deleted: Post-ap-shelter 4.24.rar
07232021 08:34:45 AM - DEBUG: Deleted: Post-ap-shelter 4.25.rar
07232021 08:34:45 AM - DEBUG: Deleted: Post-ap-shelter 4.26.rar
07232021 08:34:45 AM - DEBUG: Deleted: SC_MegaPack_01.rar
07232021 08:34:45 AM - DEBUG: Deleted: SOA_CloudsMaker_v1_2.zip
07232021 08:34:45 AM - DEBUG: Deleted: SpaceFleetFighter34.zip
07232021 08:34:45 AM - DEBUG: Deleted: SurvivalBuildSystem_v1.zip
07232021 08:34:45 AM - DEBUG: Deleted: TawnyOwl 4.26.rar
07232021 08:34:45 AM - DEBUG: Deleted: UrbanSteel[d].zip
07232021 08:34:45 AM - DEBUG: Deleted: WoodTiles_Vol02.zip
07242021 05:14:27 AM - DEBUG: Deleted: Sci_Fi_UI.zip
07242021 05:14:27 AM - DEBUG: Deleted: UrbanSteel[d].zip
07262021 06:55:59 PM - DEBUG: Deleted: UrbanSteel[d].zip
07282021 06:36:26 AM - DEBUG: Deleted: 4.25YourRPG.zip
07282021 06:36:26 AM - DEBUG: Deleted: 4.26YourRPG.zip
07282021 06:36:26 AM - DEBUG: Deleted: BallGames.zip
07282021 06:36:26 AM - DEBUG: Deleted: CoverSystemX - No Animations.zip
07282021 06:36:26 AM - DEBUG: Deleted: CustomUISystem_CleanProject.zip
07282021 06:36:26 AM - DEBUG: Deleted: IPBR_Gargoyle.zip
07282021 06:36:26 AM - DEBUG: Deleted: PlayerBuildingSystemV2_424.zip
07282021 06:36:26 AM - DEBUG: Deleted: runic_ruins_pack (1).zip
07282021 06:36:26 AM - DEBUG: Deleted: SciFi_FlyingCar.zip
07282021 06:36:26 AM - DEBUG: Deleted: SplineAndArrayTools.rar
07282021 06:36:26 AM - DEBUG: Deleted: StableLarge.zip
07282021 06:36:26 AM - DEBUG: Deleted: Unreal Project File 2.26.zip
07282021 06:36:26 AM - DEBUG: Deleted: UrbanSteel[d].zip
07282021 06:36:26 AM - DEBUG: Deleted: WeaponPackV2.rar
07292021 05:03:37 AM - DEBUG: Deleted: ChatSystem 1.05.zip
07292021 05:03:37 AM - DEBUG: Deleted: DKeeper.zip
07292021 05:03:37 AM - DEBUG: Deleted: FW_06 4.26.zip
07292021 05:03:37 AM - DEBUG: Deleted: FW_08 4.26.zip
07292021 05:03:37 AM - DEBUG: Deleted: FW_09 4.18.zip
07292021 05:03:37 AM - DEBUG: Deleted: FW_09 4.19.zip
07292021 05:03:37 AM - DEBUG: Deleted: FW_09 4.20.zip
07292021 05:03:37 AM - DEBUG: Deleted: FW_09 4.21.zip
07292021 05:03:37 AM - DEBUG: Deleted: FW_09 4.22.zip
07292021 05:03:37 AM - DEBUG: Deleted: FW_09 4.23.zip
07292021 05:03:37 AM - DEBUG: Deleted: FW_09 4.24.zip
07292021 05:03:37 AM - DEBUG: Deleted: FW_09 4.25.zip
07292021 05:03:37 AM - DEBUG: Deleted: FW_09 4.26.zip
07292021 05:03:37 AM - DEBUG: Deleted: MusicAppPlayer.zip
07292021 05:03:37 AM - DEBUG: Deleted: Projector22-2021-07-14.zip
07292021 05:03:37 AM - DEBUG: Deleted: TheSoulless_425.zip
07292021 05:03:37 AM - DEBUG: Deleted: TheSoulless_426.zip
07292021 05:03:37 AM - DEBUG: Deleted: TrafficSystem1.09.zip
07292021 05:03:37 AM - DEBUG: Deleted: UrbanSteel[d].zip
07292021 05:03:37 AM - DEBUG: Deleted: VictorianInteriors.rar
07292021 05:03:37 AM - DEBUG: Deleted: Wanderer.rar
07302021 05:03:28 AM - DEBUG: Deleted: DevilGirlMarket.zip
07302021 05:03:28 AM - DEBUG: Deleted: ForestCabinBundle_1.zip
07302021 05:03:28 AM - DEBUG: Deleted: Human_Vocal_SFX_PRO.zip
07302021 05:03:28 AM - DEBUG: Deleted: Medhue_RattleSnake.zip
07302021 05:03:28 AM - DEBUG: Deleted: MINIMAL_ClassicCars_V1.0.zip
07302021 05:03:28 AM - DEBUG: Deleted: ProHUDV2.01_422.zip
07302021 05:03:28 AM - DEBUG: Deleted: Stilyzed_Materials_v1_01.zip
07302021 05:03:28 AM - DEBUG: Deleted: Stilyzed_Materials_v1_02.zip
07302021 05:03:28 AM - DEBUG: Deleted: UrbanSteel[d].zip
07302021 05:03:28 AM - DEBUG: Deleted: V100.zip
08042021 12:17:43 PM - DEBUG: Deleted: 4.25YourPlanes.rar
08042021 12:17:43 PM - DEBUG: Deleted: 4.25YourTanks.rar
08042021 12:17:43 PM - DEBUG: Deleted: 4.26YourPlanes.rar
08042021 12:17:43 PM - DEBUG: Deleted: 4.26YourTanks.rar
08042021 12:17:43 PM - DEBUG: Deleted: AdvancedMagicFX19.zip
08042021 12:17:43 PM - DEBUG: Deleted: ArcadeStarter 4.24 (1).zip
08042021 12:17:43 PM - DEBUG: Deleted: ArcadeStarter 4.24.zip
08042021 12:17:43 PM - DEBUG: Deleted: ArcadeStarter 4.25.zip
08042021 12:17:43 PM - DEBUG: Deleted: ArcadeStarter 4.26.zip
08042021 12:17:43 PM - DEBUG: Deleted: CL_West_APC_Stryker_v1.0.0.6.zip
08042021 12:17:43 PM - DEBUG: Deleted: Cypress_Pack_1_1.zip
08042021 12:17:43 PM - DEBUG: Deleted: DE_50_C_4.23.zip
08042021 12:17:43 PM - DEBUG: Deleted: DE_50_C_4.24.zip
08042021 12:17:43 PM - DEBUG: Deleted: DE_50_C_4.25.zip
08042021 12:17:43 PM - DEBUG: Deleted: DOOR_PACKAGE 4.26.rar
08042021 12:17:43 PM - DEBUG: Deleted: DOOR_PACKAGE.rar
08042021 12:17:43 PM - DEBUG: Deleted: ElectricCars_4.26.rar
08042021 12:17:43 PM - DEBUG: Deleted: FantasyAnimalPack_V1.zip
08042021 12:17:43 PM - DEBUG: Deleted: FluidNinjaVFXTools_forUE425.zip
08042021 12:17:43 PM - DEBUG: Deleted: G2_HumanBase (1).zip
08042021 12:17:43 PM - DEBUG: Deleted: GreenDarnerDragonfly_2.0.0_4.24.zip
08042021 12:17:43 PM - DEBUG: Deleted: hieroglyph 4.25.zip
08042021 12:17:43 PM - DEBUG: Deleted: hieroglyph 4.26.zip
08042021 12:17:43 PM - DEBUG: Deleted: Knights_of_the_Order.rar
08042021 12:17:43 PM - DEBUG: Deleted: LSM.zip
08042021 12:17:43 PM - DEBUG: Deleted: lycanthrope.rar
08042021 12:17:43 PM - DEBUG: Deleted: ModernDoorsv2.zip
08042021 12:17:43 PM - DEBUG: Deleted: Niagara_45.rar
08042021 12:17:43 PM - DEBUG: Deleted: ProgressBarsPack_210722_424.zip
08042021 12:17:43 PM - DEBUG: Deleted: ProgressBarsPack_210722_425.zip
08042021 12:17:43 PM - DEBUG: Deleted: ProgressBarsPack_210722_426.zip
08042021 12:17:43 PM - DEBUG: Deleted: RealSciFiWeapons.zip
08042021 12:17:43 PM - DEBUG: Deleted: RPGSystem-All-In-One-420-426.rar
08042021 12:17:43 PM - DEBUG: Deleted: Scifi_Gun_1.rar
08042021 12:17:43 PM - DEBUG: Deleted: Sci_fi_Ambiances_New.zip
08042021 12:17:43 PM - DEBUG: Deleted: Sellers_Pack.rar
08042021 12:17:43 PM - DEBUG: Deleted: StylizedVehiclesV1-1.7z
08042021 12:17:43 PM - DEBUG: Deleted: TrainHangar.zip
08042021 12:17:43 PM - DEBUG: Deleted: UrbanSteel[d].zip
08042021 12:17:43 PM - DEBUG: Deleted: WeaponKit-UE-426-v112.zip
08042021 12:17:43 PM - DEBUG: Deleted: Wizard.rar
08052021 07:12:40 AM - DEBUG: Deleted: EXSITE_01 - V2_1_4.zip
08052021 07:12:40 AM - DEBUG: Deleted: FantasyModularKnight.rar
08052021 07:12:40 AM - DEBUG: Deleted: Hockey_Goalie_4.26_AB22072021_ctl_v2.zip
08052021 07:12:40 AM - DEBUG: Deleted: ParkProps.rar
08052021 07:12:40 AM - DEBUG: Deleted: RockCastleModular.rar
08052021 07:12:40 AM - DEBUG: Deleted: SFFighter11.zip
08052021 07:12:40 AM - DEBUG: Deleted: UrbanSteel[d].zip
08072021 03:30:58 PM - DEBUG: Deleted: 3DAsteroids.zip
08072021 03:30:58 PM - DEBUG: Deleted: Assassin.rar
08072021 03:30:58 PM - DEBUG: Deleted: CanyonHillsLandscape.zip
08072021 03:30:58 PM - DEBUG: Deleted: EXTILE_PLUS_V2_ 3.zip
08072021 03:30:58 PM - DEBUG: Deleted: Factory_Pack_v1.rar
08072021 03:30:58 PM - DEBUG: Deleted: Girl_With_Twinblades.zip
08072021 03:30:58 PM - DEBUG: Deleted: God simulator.zip
08072021 03:30:58 PM - DEBUG: Deleted: Gun_ww2.rar
08072021 03:30:58 PM - DEBUG: Deleted: HB_SimpleSciFi_01.rar
08072021 03:30:58 PM - DEBUG: Deleted: Lowpolymeleeweapon.zip
08072021 03:30:58 PM - DEBUG: Deleted: medieval_pack_UPDATE.zip
08072021 03:30:58 PM - DEBUG: Deleted: Medieval_Village_05.zip
08072021 03:30:58 PM - DEBUG: Deleted: MetaHuman_Animations_Review.zip
08072021 03:30:58 PM - DEBUG: Deleted: OfficeProps.rar
08072021 03:30:58 PM - DEBUG: Deleted: PolygonStreetRacer_4_22_Sub_04.zip
08072021 03:30:58 PM - DEBUG: Deleted: POLYGON_Shops_Unreal_Project_4_22_Sub_03.zip
08072021 03:30:58 PM - DEBUG: Deleted: RomanRoads.zip
08072021 03:30:58 PM - DEBUG: Deleted: SimpleMenuUI_4_26_v3_0_1.zip
08072021 03:30:58 PM - DEBUG: Deleted: StylizedLandscapeKit 1.01.zip
08072021 03:30:58 PM - DEBUG: Deleted: SurvivalAnims_v1_1_424.zip
08072021 03:30:58 PM - DEBUG: Deleted: SurvivalAnims_v1_1_425.zip
08072021 03:30:58 PM - DEBUG: Deleted: SurvivalAnims_v1_1_426.zip
08072021 03:30:58 PM - DEBUG: Deleted: UltimateAnimSet_V3.zip
08072021 03:30:58 PM - DEBUG: Deleted: UrbanSteel[d].zip
08072021 03:30:58 PM - DEBUG: Deleted: Woodpecker.rar
08142021 06:48:24 AM - DEBUG: Deleted: 4.22-4.24_Pickup01_2.1.4.zip
08142021 06:48:24 AM - DEBUG: Deleted: 4.25-4.26_Pickup01_2.1.4.zip
08142021 06:48:24 AM - DEBUG: Deleted: AA_Wolves_L_v3.0.0.zip
08142021 06:48:24 AM - DEBUG: Deleted: AdvancedHUD_D2.rar
08142021 06:48:24 AM - DEBUG: Deleted: AdvancedMenu_V2.rar
08142021 06:48:24 AM - DEBUG: Deleted: Aliens XXL 1 GHS.rar
08142021 06:48:24 AM - DEBUG: Deleted: British_Soldier_18th.rar
08142021 06:48:24 AM - DEBUG: Deleted: DarkSpiritsInventory.zip
08142021 06:48:24 AM - DEBUG: Deleted: DesertRainFrog.zip
08142021 06:48:24 AM - DEBUG: Deleted: dviz_R2HOUSE_UE4_R01.rar
08142021 06:48:24 AM - DEBUG: Deleted: EnemyWarriorAnimPack_418.zip
08142021 06:48:24 AM - DEBUG: Deleted: EOSCore_1_9_0_291_425.7z
08142021 06:48:24 AM - DEBUG: Deleted: EOSCore_1_9_0_291_426.7z
08142021 06:48:24 AM - DEBUG: Deleted: Etasphera_fix22.rar
08142021 06:48:24 AM - DEBUG: Deleted: EU_Col_Signs_RUS_vol2_426_v1.zip
08142021 06:48:24 AM - DEBUG: Deleted: Frogs_Ultimate_V1.zip
08142021 06:48:24 AM - DEBUG: Deleted: Frogs_Volume_3.zip
08142021 06:48:24 AM - DEBUG: Deleted: Frogs_Volume_4.zip
08142021 06:48:24 AM - DEBUG: Deleted: Horror Boy.rar
08142021 06:48:24 AM - DEBUG: Deleted: LPSP 2.0 4.26.zip
08142021 06:48:24 AM - DEBUG: Deleted: LP_AmmoUP.zip
08142021 06:48:24 AM - DEBUG: Deleted: LUCY.zip
08142021 06:48:24 AM - DEBUG: Deleted: MalagasyRainbowFrog.zip
08142021 06:48:24 AM - DEBUG: Deleted: Medical_Man.rar
08142021 06:48:24 AM - DEBUG: Deleted: MetaHuman_Animations.zip
08142021 06:48:24 AM - DEBUG: Deleted: MilitaryUI.zip
08142021 06:48:24 AM - DEBUG: Deleted: NYC_Characters.rar
08142021 06:48:24 AM - DEBUG: Deleted: ProductVisTools.zip
08142021 06:48:24 AM - DEBUG: Deleted: PythonTimes_4.25.zip
08142021 06:48:24 AM - DEBUG: Deleted: PythonTimes_4.26.zip
08142021 06:48:24 AM - DEBUG: Deleted: QuestInventoryBundle.zip
08142021 06:48:24 AM - DEBUG: Deleted: Raven.zip
08142021 06:48:24 AM - DEBUG: Deleted: RuntimeAudioImporter4240.zip
08142021 06:48:24 AM - DEBUG: Deleted: RuntimeAudioImporter4250.zip
08142021 06:48:24 AM - DEBUG: Deleted: RuntimeAudioImporter4260.zip
08142021 06:48:24 AM - DEBUG: Deleted: Season_trees_VOL_1.zip
08142021 06:48:24 AM - DEBUG: Deleted: Sign_Decals 4.26.rar
08142021 06:48:24 AM - DEBUG: Deleted: Sign_Decals.rar
08142021 06:48:24 AM - DEBUG: Deleted: SimpleDesign_MedievalTown.rar
08142021 06:48:24 AM - DEBUG: Deleted: SM_Stylized_Dungeon_Pack_JFG_JesusFernandezGarcia.zip
08142021 06:48:24 AM - DEBUG: Deleted: StrangeNewWorlds.zip
08142021 06:48:24 AM - DEBUG: Deleted: UrbanSteel[d].zip
08142021 06:48:24 AM - DEBUG: Deleted: V2Bunker 4.26 (1).zip
08142021 06:48:24 AM - DEBUG: Deleted: VL_Portal.zip
08142021 06:48:24 AM - DEBUG: Deleted: VRF_Bundle 4.26.zip
08142021 06:48:24 AM - DEBUG: Deleted: VRF_Bundle.zip
08142021 06:48:24 AM - DEBUG: Deleted: WeaponKit-UE-426-v114.zip
08142021 06:48:24 AM - DEBUG: Deleted: Werewolf_Set_v1_1_424.zip
08142021 06:48:24 AM - DEBUG: Deleted: Werewolf_Set_v1_1_425.zip
08142021 06:48:24 AM - DEBUG: Deleted: Werewolf_Set_v1_1_426.zip
08142021 06:48:24 AM - DEBUG: Deleted: WesternMusic.zip
08142021 06:48:24 AM - DEBUG: Deleted: WW1Entante_426.zip
08162021 09:00:32 AM - DEBUG: Deleted: Glasses_v1 (1).zip
08162021 09:00:32 AM - DEBUG: Deleted: Sci_Fi_Warrior_Girl.rar
08162021 09:00:32 AM - DEBUG: Deleted: UrbanSteel[d].zip
08172021 07:05:18 AM - DEBUG: Deleted: 4.22-4.26_NPCHank.zip
08172021 07:05:18 AM - DEBUG: Deleted: PlatformAnimation.zip
08172021 07:05:18 AM - DEBUG: Deleted: Stylized_Town_Assets (1).rar
08172021 07:05:18 AM - DEBUG: Deleted: UrbanSteel[d].zip
08192021 03:54:23 PM - DEBUG: Deleted: AdvancedHUD_D4.rar
08192021 03:54:23 PM - DEBUG: Deleted: Arctic_Animal_Pack.zip
08192021 03:54:23 PM - DEBUG: Deleted: IndieBeginnerKit.zip
08192021 03:54:23 PM - DEBUG: Deleted: MedievalWeapons.zip
08192021 03:54:23 PM - DEBUG: Deleted: OMPST_V3.zip
08192021 03:54:23 PM - DEBUG: Deleted: SI_ECS.7z
08192021 03:54:23 PM - DEBUG: Deleted: Uproject (1).rar
08192021 03:54:23 PM - DEBUG: Deleted: UrbanSteel[d].zip
08202021 08:57:50 AM - DEBUG: Deleted: UrbanSteel[d].zip
08222021 12:57:11 PM - DEBUG: Deleted: 787.zip
08222021 12:57:11 PM - DEBUG: Deleted: Abandoned_Toilet.zip
08222021 12:57:11 PM - DEBUG: Deleted: ActionRpgSystemV2.zip
08222021 12:57:11 PM - DEBUG: Deleted: AdvancedMagicFX15.zip
08222021 12:57:11 PM - DEBUG: Deleted: Buggy_Vehicle.rar
08222021 12:57:11 PM - DEBUG: Deleted: CartoonKid_5.19_v1.zip
08222021 12:57:11 PM - DEBUG: Deleted: EndlessWorld2021-08-06 (1).zip
08222021 12:57:11 PM - DEBUG: Deleted: FlyingNavSystem-1.0.7_424.zip
08222021 12:57:11 PM - DEBUG: Deleted: FlyingNavSystem-1.0.7_425.zip
08222021 12:57:11 PM - DEBUG: Deleted: FlyingNavSystem-1.0.7_426.zip
08222021 12:57:11 PM - DEBUG: Deleted: IPBR_LP_Dragons.zip
08222021 12:57:11 PM - DEBUG: Deleted: JUN_Japanese_Metal_2.0.zip
08222021 12:57:11 PM - DEBUG: Deleted: OpenLand-2.5.0.zip
08222021 12:57:11 PM - DEBUG: Deleted: Real_Guns_01.zip
08222021 12:57:11 PM - DEBUG: Deleted: SenseSys_V1.27_4.24.zip
08222021 12:57:11 PM - DEBUG: Deleted: SenseSys_V1.27_4.25.zip
08222021 12:57:11 PM - DEBUG: Deleted: SenseSys_V1.27_4.26.zip
08222021 12:57:11 PM - DEBUG: Deleted: UrbanSteel[d].zip
08222021 12:57:11 PM - DEBUG: Deleted: Vehicle Bundle.rar
09012021 04:16:13 PM - DEBUG: Deleted: Wireshark-win64-3.4.7.exe
09012021 07:37:07 PM - DEBUG: Last ran at: 2021-09-01 19:37:07.536929
